  benchmark.cpp
c:\users\misrap\source\repos\boyer-moore-horspool\benchmark.cpp(5): fatal error C1083: Cannot open include file: 'sys/time.h': No such file or directory
  StreamTest.cpp
c:\users\misrap\source\repos\boyer-moore-horspool\streamtest.cpp(3): fatal error C1083: Cannot open include file: 'alloca.h': No such file or directory
  Horspool.cpp
  BoyerMooreAndTurbo.cpp
c:\users\misrap\source\repos\boyer-moore-horspool\boyermooreandturbo.cpp(3): error C2039: 'vector': is not a member of 'std'
  c:\users\misrap\source\repos\boyer-moore-horspool\boyer\predefined c++ types (compiler internal)(208): note: see declaration of 'std'
c:\users\misrap\source\repos\boyer-moore-horspool\boyermooreandturbo.cpp(3): error C2143: syntax error: missing ';' before '<'
c:\users\misrap\source\repos\boyer-moore-horspool\boyermooreandturbo.cpp(3): error C4430: missing type specifier - int assumed. Note: C++ does not support default-int
c:\users\misrap\source\repos\boyer-moore-horspool\boyermooreandturbo.cpp(27): error C4430: missing type specifier - int assumed. Note: C++ does not support default-int
c:\users\misrap\source\repos\boyer-moore-horspool\boyermooreandturbo.cpp(27): error C2146: syntax error: missing ';' before identifier 'CreateSkipTable'
c:\users\misrap\source\repos\boyer-moore-horspool\boyermooreandturbo.cpp(28): error C4430: missing type specifier - int assumed. Note: C++ does not support default-int
c:\users\misrap\source\repos\boyer-moore-horspool\boyermooreandturbo.cpp(29): error C2146: syntax error: missing ';' before identifier 'skip'
c:\users\misrap\source\repos\boyer-moore-horspool\boyermooreandturbo.cpp(29): error C3861: 'skip': identifier not found
c:\users\misrap\source\repos\boyer-moore-horspool\boyermooreandturbo.cpp(31): error C2065: 'skip': undeclared identifier
c:\users\misrap\source\repos\boyer-moore-horspool\boyermooreandturbo.cpp(44): error C2039: 'vector': is not a member of 'std'
  c:\users\misrap\source\repos\boyer-moore-horspool\boyer\predefined c++ types (compiler internal)(208): note: see declaration of 'std'
c:\users\misrap\source\repos\boyer-moore-horspool\boyermooreandturbo.cpp(44): warning C4091: '': ignored on left of 'int' when no variable is declared
c:\users\misrap\source\repos\boyer-moore-horspool\boyermooreandturbo.cpp(44): error C2143: syntax error: missing ';' before '<'
c:\users\misrap\source\repos\boyer-moore-horspool\boyermooreandturbo.cpp(44): error C2059: syntax error: '<'
c:\users\misrap\source\repos\boyer-moore-horspool\boyermooreandturbo.cpp(46): error C2065: 'suff': undeclared identifier
c:\users\misrap\source\repos\boyer-moore-horspool\boyermooreandturbo.cpp(48): error C2065: 'ssize_t': undeclared identifier
c:\users\misrap\source\repos\boyer-moore-horspool\boyermooreandturbo.cpp(48): error C2146: syntax error: missing ';' before identifier 'f'
c:\users\misrap\source\repos\boyer-moore-horspool\boyermooreandturbo.cpp(48): error C2065: 'f': undeclared identifier
c:\users\misrap\source\repos\boyer-moore-horspool\boyermooreandturbo.cpp(49): error C2065: 'ssize_t': undeclared identifier
c:\users\misrap\source\repos\boyer-moore-horspool\boyermooreandturbo.cpp(49): error C2146: syntax error: missing ';' before identifier 'g'
c:\users\misrap\source\repos\boyer-moore-horspool\boyermooreandturbo.cpp(49): error C2065: 'g': undeclared identifier
c:\users\misrap\source\repos\boyer-moore-horspool\boyermooreandturbo.cpp(51): error C2065: 'ssize_t': undeclared identifier
c:\users\misrap\source\repos\boyer-moore-horspool\boyermooreandturbo.cpp(51): error C2146: syntax error: missing ';' before identifier 'i'
c:\users\misrap\source\repos\boyer-moore-horspool\boyermooreandturbo.cpp(51): error C2143: syntax error: missing ';' before '='
c:\users\misrap\source\repos\boyer-moore-horspool\boyermooreandturbo.cpp(51): error C2143: syntax error: missing ')' before '='
c:\users\misrap\source\repos\boyer-moore-horspool\boyermooreandturbo.cpp(51): error C2059: syntax error: '='
c:\users\misrap\source\repos\boyer-moore-horspool\boyermooreandturbo.cpp(51): error C2065: 'i': undeclared identifier
c:\users\misrap\source\repos\boyer-moore-horspool\boyermooreandturbo.cpp(51): error C2059: syntax error: ')'
c:\users\misrap\source\repos\boyer-moore-horspool\boyermooreandturbo.cpp(53): error C2059: syntax error: 'if'
c:\users\misrap\source\repos\boyer-moore-horspool\boyermooreandturbo.cpp(54): error C2143: syntax error: missing ';' before '{'
c:\users\misrap\source\repos\boyer-moore-horspool\boyermooreandturbo.cpp(55): error C4430: missing type specifier - int assumed. Note: C++ does not support default-int
c:\users\misrap\source\repos\boyer-moore-horspool\boyermooreandturbo.cpp(55): error C2146: syntax error: missing ';' before identifier 'tmp'
c:\users\misrap\source\repos\boyer-moore-horspool\boyermooreandturbo.cpp(55): error C2065: 'tmp': undeclared identifier
c:\users\misrap\source\repos\boyer-moore-horspool\boyermooreandturbo.cpp(55): error C2065: 'suff': undeclared identifier
c:\users\misrap\source\repos\boyer-moore-horspool\boyermooreandturbo.cpp(55): error C2065: 'i': undeclared identifier
c:\users\misrap\source\repos\boyer-moore-horspool\boyermooreandturbo.cpp(55): error C2065: 'f': undeclared identifier
c:\users\misrap\source\repos\boyer-moore-horspool\boyermooreandturbo.cpp(56): error C2065: 'tmp': undeclared identifier
c:\users\misrap\source\repos\boyer-moore-horspool\boyermooreandturbo.cpp(56): error C2065: 'i': undeclared identifier
c:\users\misrap\source\repos\boyer-moore-horspool\boyermooreandturbo.cpp(56): error C2065: 'g': undeclared identifier
c:\users\misrap\source\repos\boyer-moore-horspool\boyermooreandturbo.cpp(58): error C2065: 'suff': undeclared identifier
c:\users\misrap\source\repos\boyer-moore-horspool\boyermooreandturbo.cpp(58): error C2065: 'i': undeclared identifier
c:\users\misrap\source\repos\boyer-moore-horspool\boyermooreandturbo.cpp(58): error C2065: 'tmp': undeclared identifier
c:\users\misrap\source\repos\boyer-moore-horspool\boyermooreandturbo.cpp(62): error C2181: illegal else without matching if
c:\users\misrap\source\repos\boyer-moore-horspool\boyermooreandturbo.cpp(63): error C2065: 'g': undeclared identifier
c:\users\misrap\source\repos\boyer-moore-horspool\boyermooreandturbo.cpp(63): error C2065: 'i': undeclared identifier
c:\users\misrap\source\repos\boyer-moore-horspool\boyermooreandturbo.cpp(65): error C2065: 'f': undeclared identifier
c:\users\misrap\source\repos\boyer-moore-horspool\boyermooreandturbo.cpp(65): error C2065: 'i': undeclared identifier
c:\users\misrap\source\repos\boyer-moore-horspool\boyermooreandturbo.cpp(67): error C2065: 'g': undeclared identifier
c:\users\misrap\source\repos\boyer-moore-horspool\boyermooreandturbo.cpp(69): error C2065: 'f': undeclared identifier
c:\users\misrap\source\repos\boyer-moore-horspool\boyermooreandturbo.cpp(70): error C2065: 'g': undeclared identifier
c:\users\misrap\source\repos\boyer-moore-horspool\boyermooreandturbo.cpp(71): error C2065: 'g': undeclared identifier
c:\users\misrap\source\repos\boyer-moore-horspool\boyermooreandturbo.cpp(73): error C2660: 'backwards_match_len': function does not take 2 arguments
c:\users\misrap\source\repos\boyer-moore-horspool\boyermooreandturbo.cpp(75): error C2065: 'suff': undeclared identifier
c:\users\misrap\source\repos\boyer-moore-horspool\boyermooreandturbo.cpp(75): error C2065: 'i': undeclared identifier
c:\users\misrap\source\repos\boyer-moore-horspool\boyermooreandturbo.cpp(75): error C2065: 'f': undeclared identifier
c:\users\misrap\source\repos\boyer-moore-horspool\boyermooreandturbo.cpp(75): error C2065: 'g': undeclared identifier
c:\users\misrap\source\repos\boyer-moore-horspool\boyermooreandturbo.cpp(78): error C2065: 'suff': undeclared identifier
c:\users\misrap\source\repos\boyer-moore-horspool\boyermooreandturbo.cpp(78): error C2065: 'i': undeclared identifier
c:\users\misrap\source\repos\boyer-moore-horspool\boyermooreandturbo.cpp(81): error C2065: 'i': undeclared identifier
c:\users\misrap\source\repos\boyer-moore-horspool\boyermooreandturbo.cpp(83): error C2065: 'skip': undeclared identifier
c:\users\misrap\source\repos\boyer-moore-horspool\boyermooreandturbo.cpp(91): error C2059: syntax error: 'for'
c:\users\misrap\source\repos\boyer-moore-horspool\boyermooreandturbo.cpp(91): error C2143: syntax error: missing ')' before ';'
c:\users\misrap\source\repos\boyer-moore-horspool\boyermooreandturbo.cpp(91): error C2143: syntax error: missing ';' before '<'
c:\users\misrap\source\repos\boyer-moore-horspool\boyermooreandturbo.cpp(91): error C4430: missing type specifier - int assumed. Note: C++ does not support default-int
c:\users\misrap\source\repos\boyer-moore-horspool\boyermooreandturbo.cpp(91): error C2059: syntax error: '++'
c:\users\misrap\source\repos\boyer-moore-horspool\boyermooreandturbo.cpp(91): error C2059: syntax error: ')'
c:\users\misrap\source\repos\boyer-moore-horspool\boyermooreandturbo.cpp(94): error C2059: syntax error: 'return'
c:\users\misrap\source\repos\boyer-moore-horspool\boyermooreandturbo.cpp(95): error C2059: syntax error: '}'
c:\users\misrap\source\repos\boyer-moore-horspool\boyermooreandturbo.cpp(95): error C2143: syntax error: missing ';' before '}'
c:\users\misrap\source\repos\boyer-moore-horspool\boyermooreandturbo.cpp(106): error C2143: syntax error: missing ';' before '{'
c:\users\misrap\source\repos\boyer-moore-horspool\boyermooreandturbo.cpp(106): error C2447: '{': missing function header (old-style formal list?)
c:\users\misrap\source\repos\boyer-moore-horspool\boyermooreandturbo.cpp(150): error C4430: missing type specifier - int assumed. Note: C++ does not support default-int
c:\users\misrap\source\repos\boyer-moore-horspool\boyermooreandturbo.cpp(150): error C2143: syntax error: missing ',' before '&'
c:\users\misrap\source\repos\boyer-moore-horspool\boyermooreandturbo.cpp(155): error C2065: 'needle_length': undeclared identifier
c:\users\misrap\source\repos\boyer-moore-horspool\boyermooreandturbo.cpp(157): error C2065: 'needle_length': undeclared identifier
c:\users\misrap\source\repos\boyer-moore-horspool\boyermooreandturbo.cpp(160): error C2039: 'memchr': is not a member of 'std'
  c:\users\misrap\source\repos\boyer-moore-horspool\boyer\predefined c++ types (compiler internal)(208): note: see declaration of 'std'
c:\users\misrap\source\repos\boyer-moore-horspool\boyermooreandturbo.cpp(160): error C2065: 'needle': undeclared identifier
c:\users\misrap\source\repos\boyer-moore-horspool\boyermooreandturbo.cpp(160): error C3861: 'memchr': identifier not found
c:\users\misrap\source\repos\boyer-moore-horspool\boyermooreandturbo.cpp(164): error C2065: 'needle_length': undeclared identifier
c:\users\misrap\source\repos\boyer-moore-horspool\boyermooreandturbo.cpp(164): error C2789: 'needle_length_minus_1': an object of const-qualified type must be initialized
  c:\users\misrap\source\repos\boyer-moore-horspool\boyermooreandturbo.cpp(164): note: see declaration of 'needle_length_minus_1'
c:\users\misrap\source\repos\boyer-moore-horspool\boyermooreandturbo.cpp(167): error C2065: 'needle_length': undeclared identifier
c:\users\misrap\source\repos\boyer-moore-horspool\boyermooreandturbo.cpp(168): error C2065: 'needle_length': undeclared identifier
c:\users\misrap\source\repos\boyer-moore-horspool\boyermooreandturbo.cpp(174): error C2065: 'needle': undeclared identifier
c:\users\misrap\source\repos\boyer-moore-horspool\boyermooreandturbo.cpp(176): error C2065: 'needle_length': undeclared identifier
c:\users\misrap\source\repos\boyer-moore-horspool\boyermooreandturbo.cpp(177): error C2065: 'needle_length': undeclared identifier
c:\users\misrap\source\repos\boyer-moore-horspool\boyermooreandturbo.cpp(180): error C2065: 'needle_length': undeclared identifier
c:\users\misrap\source\repos\boyer-moore-horspool\boyermooreandturbo.cpp(185): error C2065: 'needle': undeclared identifier
c:\users\misrap\source\repos\boyer-moore-horspool\boyermooreandturbo.cpp(186): error C2065: 'needle_length': undeclared identifier
c:\users\misrap\source\repos\boyer-moore-horspool\boyermooreandturbo.cpp(194): error C2065: 'needle': undeclared identifier
c:\users\misrap\source\repos\boyer-moore-horspool\boyermooreandturbo.cpp(195): error C2065: 'needle_length': undeclared identifier
c:\users\misrap\source\repos\boyer-moore-horspool\boyermooreandturbo.cpp(196): error C2065: 'needle_length': undeclared identifier
c:\users\misrap\source\repos\boyer-moore-horspool\boyermooreandturbo.cpp(200): error C2065: 'needle_length': undeclared identifier
c:\users\misrap\source\repos\boyer-moore-horspool\boyermooreandturbo.cpp(207): error C4430: missing type specifier - int assumed. Note: C++ does not support default-int
c:\users\misrap\source\repos\boyer-moore-horspool\boyermooreandturbo.cpp(207): error C2146: syntax error: missing ';' before identifier 'bcShift'
c:\users\misrap\source\repos\boyer-moore-horspool\boyermooreandturbo.cpp(207): error C2065: 'bcShift': undeclared identifier
c:\users\misrap\source\repos\boyer-moore-horspool\boyermooreandturbo.cpp(207): error C2065: 'occ': undeclared identifier
c:\users\misrap\source\repos\boyer-moore-horspool\boyermooreandturbo.cpp(208): error C2065: 'skip': undeclared identifier
c:\users\misrap\source\repos\boyer-moore-horspool\boyermooreandturbo.cpp(208): error C2789: 'gcShift': an object of const-qualified type must be initialized
  c:\users\misrap\source\repos\boyer-moore-horspool\boyermooreandturbo.cpp(208): note: see declaration of 'gcShift'
c:\users\misrap\source\repos\boyer-moore-horspool\boyermooreandturbo.cpp(209): error C4430: missing type specifier - int assumed. Note: C++ does not support default-int
c:\users\misrap\source\repos\boyer-moore-horspool\boyermooreandturbo.cpp(209): error C2086: 'const int ssize_t': redefinition
  c:\users\misrap\source\repos\boyer-moore-horspool\boyermooreandturbo.cpp(207): note: see declaration of 'ssize_t'
c:\users\misrap\source\repos\boyer-moore-horspool\boyermooreandturbo.cpp(209): error C2146: syntax error: missing ';' before identifier 'turboShift'
c:\users\misrap\source\repos\boyer-moore-horspool\boyermooreandturbo.cpp(209): error C2065: 'turboShift': undeclared identifier
c:\users\misrap\source\repos\boyer-moore-horspool\boyermooreandturbo.cpp(211): error C2039: 'max': is not a member of 'std'
  c:\users\misrap\source\repos\boyer-moore-horspool\boyer\predefined c++ types (compiler internal)(208): note: see declaration of 'std'
c:\users\misrap\source\repos\boyer-moore-horspool\boyermooreandturbo.cpp(211): error C2146: syntax error: missing ')' before identifier 'gcShift'
c:\users\misrap\source\repos\boyer-moore-horspool\boyermooreandturbo.cpp(214): error C2039: 'min': is not a member of 'std'
  c:\users\misrap\source\repos\boyer-moore-horspool\boyer\predefined c++ types (compiler internal)(208): note: see declaration of 'std'
c:\users\misrap\source\repos\boyer-moore-horspool\boyermooreandturbo.cpp(214): error C2065: 'needle_length': undeclared identifier
c:\users\misrap\source\repos\boyer-moore-horspool\boyermooreandturbo.cpp(214): error C3861: 'min': identifier not found
c:\users\misrap\source\repos\boyer-moore-horspool\boyermooreandturbo.cpp(217): error C2065: 'turboShift': undeclared identifier
c:\users\misrap\source\repos\boyer-moore-horspool\boyermooreandturbo.cpp(217): error C2065: 'bcShift': undeclared identifier
  Generating Code...
